<?xml version="1.0"?>
<testsuite name="Chrome 80.0.3987 (Mac OS X 10.14.6)" package="" timestamp="2020-04-23T21:15:56" id="0" hostname="HQSML-1685352" tests="1" errors="1" failures="1" time="500.014">
  <properties>
    <property name="browser.fullName" value="Mozilla/5.0 (Macintosh; Intel Mac OS X 10_14_6) AppleWebKit/537.36 (KHTML, like Gecko) Chrome/80.0.3987.149 Safari/537.36"/>
  </properties>
  <testcase name="Slot.pause() and Slot.resume() Test should pause and resume temporal slots" time="500.014" classname="Slot.pause() and Slot.resume() Test">
    <failure type="">Error: Timeout - Async callback was not invoked within timeout specified by jasmine.DEFAULT_TIMEOUT_INTERVAL.
</failure>
  </testcase>
  <system-out>
    <![CDATA[Chrome 80.0.3987 (Mac OS X 10.14.6) LOG: '>FW 15:56.011 FreeWheel Integration Runtime js-FW-4753-eb544859-202003201809'
,Chrome 80.0.3987 (Mac OS X 10.14.6) LOG: '>FW 15:56.012 Device: Desktop PLATFORM_IS_SAFARI: false PLATFORM_IS_CHROME: true'
,Chrome 80.0.3987 (Mac OS X 10.14.6) LOG: '>FW 15:56.023 SurveyExtension.init([object Object])'
,Chrome 80.0.3987 (Mac OS X 10.14.6) LOG: '>FW 15:56.024 VideoStateExtension is disabled.'
,Chrome 80.0.3987 (Mac OS X 10.14.6) WARN: '>FW 15:56.024 TCFAPI function cannot be found. _fw_gdpr: null, _fw_gdpr_consent: null'
,Chrome 80.0.3987 (Mac OS X 10.14.6) WARN: '>FW 15:56.025 USPAPI function cannot be found. _fw_us_privacy: null'
,Chrome 80.0.3987 (Mac OS X 10.14.6) LOG: '>FW 15:56.025 SurveyExtension.init([object Object])'
,Chrome 80.0.3987 (Mac OS X 10.14.6) LOG: '>FW 15:56.025 VideoStateExtension is disabled.'
,Chrome 80.0.3987 (Mac OS X 10.14.6) LOG: '>FW 15:56.039 Context.dispatchEvent type: onRequestInitiated, payload: [object Object]'
,Chrome 80.0.3987 (Mac OS X 10.14.6) LOG: '>FW 15:56.042 Context.submitRequest: sending request to https://5fb59.v.fwmrm.net/ad/g/1?prof=392025%3Aflex-test-profile&nw=392025&caid=xfinity_test_video&vdur=500&csid=xfinity_test_site_section&cd=1680%2C1050&vclr=js-FW-4753-eb544859-202003201809&resp=json&orig=http%3A%2F%2Flocalhost%3A9876&cbfn=tv.freewheel.SDK._instanceQueue%5B'Context_1'%5D.requestComplete&flag=%2Bplay-uapl-sltp%2Bemcr%2Bunka%2Bunks%2Bfbad%2Bslcb%2Bnucr%2Baeti%2Brema%2Bvicb;xfinityTargeting=targetingTest&_fw_gdpr=&_fw_gdpr_consent=&_fw_h_x_flash_version=0%2C0%2C0%2C0&_fw_dpr=2.00;slid=Preroll&slau=preroll&ptgt=a&tpos=0;slid=Midroll&slau=midroll&ptgt=a&tpos=20;slid=Postroll&slau=postroll&ptgt=a&tpos=653; timeout 5'
,Chrome 80.0.3987 (Mac OS X 10.14.6) LOG: '-------------------------------------HEY--------------------------------'
,Chrome 80.0.3987 (Mac OS X 10.14.6) LOG: Object{adManager: {_context: {_adManager: ..., _eventDispatcher: ..., _adRequest: ..., _adResponse: ..., _videoAsset: ..., _temporalSlotBase: ..., _videoDisplaySize: ..., _globalLevelParameterDictionary: ..., _overrideLevelParameterDictionary: ..., _rendererManifest: ..., _overriddenAdRenderers: ..., _extensionManager: ..., _requestState: ..., _autoSetDisplaySizeCount: ..., _totalSetDisplaySizeCount: ..., _instanceId: ..., _contentVideoAttached: ..., _currentContentPlayheadTime: ..., _ss_id: ..., _ss_pageViewRandom: ..., _ss_networkId: ..., _ss_idType: ..., _ss_fallbackId: ..., _va_id: ..., _va_duration: ..., _va_networkId: ..., _va_location: ..., _va_autoPlayType: ..., _va_fallbackId: ..., _va_viewRandom: ..., _va_idType: ..., _va_durationType: ..., _isRefreshRequest: ..., _refreshSlots: ..., _adVolume: ..., _onVolumeChange: ...}, _serverURL: 'https://5fb59.v.fwmrm.net/', _networkId: 392025, _location: null, _fwGDPR: null, _fwGDPRConsent: null, _fwTCFAPIExecuted: true, _fwUSPString: null, _fwUSPAPIExecuted: true, _onRequestComplete: null, _isListeningForTCData: false, _tcfapiImpl: undefined, _tcfapiCallback: (tcData,success)=>{ ... }}, currentAdContext: {_adManager: {_context: ..., _serverURL: ..., _networkId: ..., _location: ..., _fwGDPR: ..., _fwGDPRConsent: ..., _fwTCFAPIExecuted: ..., _fwUSPString: ..., _fwUSPAPIExecuted: ..., _onRequestComplete: ..., _isListeningForTCData: ..., _tcfapiImpl: ..., _tcfapiCallback: ...}, _eventDispatcher: {_listeners: ...}, _adRequest: Object{_context: ..., _capabilities: ..., _keyValues: ..., _playerProfile: ..., _compatibleDimensions: ..., _temporalSlots: ..., _siteSectionCustomId: ..., _siteSectionId: ..., _siteSectionNetworkId: ..., _siteSectionFallbackId: ..., _siteSectionViewRandom: ..., _visitorCustomId: ..., _visitorIpV4Address: ..., _requestMode: ..., _requestDuration: ..., _subsessionToken: ..., _candidateAdIds: ..., _slotScanner: ..., _urlParams: ..., _urlKeyValues: ..., _customInfo: ...}, _adResponse: null, _videoAsset: Object{_defaultTimeouts: ..., _context: ..., _internalState: ..., _state: ..., _eventCallback: ..., _callbackTimer: ..., _videoPlayPending: ..., _requestedVideoViewUrl: ..., _dummyInstanceId: ..., _delay: ..., _id: ..., _customId: ..., _duration: ..., _networkId: ..., _location: ..., _autoPlayType: ..., _fallbackId: ..., _viewRandom: ..., _durationType: ..., _currentTpos: ...}, _temporalSlotBase: <div id="displayBase"><video id="videoPlayer" width="480" height="270" playsinline="" src="http://m1.fwmrm.net/m/1/90750/39/1624999/222991497_1423862435_42824_7.mp4"></video></div>, _videoDisplaySize: Object{left: ..., top: ..., width: ..., height: ..., position: ...}, _globalLevelParameterDictionary: Object{autoPauseAdOnVisibilityChange: ..., disableCORSEnforcement: ..., useGDPR_TCFAPI: ..., useCCPA_USPAPI: ..., consent_retrieval_timeout: ..., renderer.video.clickDetection: ...}, _overrideLevelParameterDictionary: Object{}, _rendererManifest: Object{}, _overriddenAdRenderers: [], _extensionManager: {_extensions: ..., _context: ..., _surveyExtension: ..., _videoStateExtension: ..., _displayRefreshExtension: ..., _contentVideoExtension: ...}, _requestState: 1, _autoSetDisplaySizeCount: 1, _totalSetDisplaySizeCount: 1, _instanceId: 1, _contentVideoAttached: false, _currentContentPlayheadTime: 0, _ss_id: 'xfinity_test_site_section', _ss_pageViewRandom: undefined, _ss_networkId: undefined, _ss_idType: undefined, _ss_fallbackId: undefined, _va_id: 'xfinity_test_video', _va_duration: 500, _va_networkId: undefined, _va_location: undefined, _va_autoPlayType: undefined, _va_fallbackId: undefined, _va_viewRandom: undefined, _va_idType: undefined, _va_durationType: undefined, _isRefreshRequest: false, _refreshSlots: [], _adVolume: 1, _onVolumeChange: function () { ... }}, videoSpeedHandler: function () { ... }, onRequestComplete: function () { ... }, onSlotEnded: function () { ... }, onContentVideoTimeUpdated: function () { ... }, onContentVideoEnded: function () { ... }}
,Chrome 80.0.3987 (Mac OS X 10.14.6) LOG: '-------------------------------------Current Ad Context--------------------------------'
,Chrome 80.0.3987 (Mac OS X 10.14.6) LOG: {_adManager: {_context: {_adManager: ..., _eventDispatcher: ..., _adRequest: ..., _adResponse: ..., _videoAsset: ..., _temporalSlotBase: ..., _videoDisplaySize: ..., _globalLevelParameterDictionary: ..., _overrideLevelParameterDictionary: ..., _rendererManifest: ..., _overriddenAdRenderers: ..., _extensionManager: ..., _requestState: ..., _autoSetDisplaySizeCount: ..., _totalSetDisplaySizeCount: ..., _instanceId: ..., _contentVideoAttached: ..., _currentContentPlayheadTime: ..., _ss_id: ..., _ss_pageViewRandom: ..., _ss_networkId: ..., _ss_idType: ..., _ss_fallbackId: ..., _va_id: ..., _va_duration: ..., _va_networkId: ..., _va_location: ..., _va_autoPlayType: ..., _va_fallbackId: ..., _va_viewRandom: ..., _va_idType: ..., _va_durationType: ..., _isRefreshRequest: ..., _refreshSlots: ..., _adVolume: ..., _onVolumeChange: ...}, _serverURL: 'https://5fb59.v.fwmrm.net/', _networkId: 392025, _location: null, _fwGDPR: null, _fwGDPRConsent: null, _fwTCFAPIExecuted: true, _fwUSPString: null, _fwUSPAPIExecuted: true, _onRequestComplete: null, _isListeningForTCData: false, _tcfapiImpl: undefined, _tcfapiCallback: (tcData,success)=>{ ... }}, _eventDispatcher: {_listeners: Object{defaultImpression: ..., onRequestComplete: ..., contentVideoPauseRequest: ..., contentVideoResumeRequest: ..., onSlotStarted: ..., onSlotEnded: ...}}, _adRequest: Object{_context: {_adManager: ..., _eventDispatcher: ..., _adRequest: ..., _adResponse: ..., _videoAsset: ..., _temporalSlotBase: ..., _videoDisplaySize: ..., _globalLevelParameterDictionary: ..., _overrideLevelParameterDictionary: ..., _rendererManifest: ..., _overriddenAdRenderers: ..., _extensionManager: ..., _requestState: ..., _autoSetDisplaySizeCount: ..., _totalSetDisplaySizeCount: ..., _instanceId: ..., _contentVideoAttached: ..., _currentContentPlayheadTime: ..., _ss_id: ..., _ss_pageViewRandom: ..., _ss_networkId: ..., _ss_idType: ..., _ss_fallbackId: ..., _va_id: ..., _va_duration: ..., _va_networkId: ..., _va_location: ..., _va_autoPlayType: ..., _va_fallbackId: ..., _va_viewRandom: ..., _va_idType: ..., _va_durationType: ..., _isRefreshRequest: ..., _refreshSlots: ..., _adVolume: ..., _onVolumeChange: ...}, _capabilities: Object{_capabilities: ...}, _keyValues: [..., ..., ...], _playerProfile: '392025:flex-test-profile', _compatibleDimensions: null, _temporalSlots: [..., ..., ...], _siteSectionCustomId: 'xfinity_test_site_section', _siteSectionId: '', _siteSectionNetworkId: 0, _siteSectionFallbackId: '', _siteSectionViewRandom: 0, _visitorCustomId: '', _visitorIpV4Address: '', _requestMode: '', _requestDuration: 0, _subsessionToken: 0, _candidateAdIds: [], _slotScanner: {OPTION_INIT: ..., OPTION_FCAI: ..., OPTION_NIIC: ..., OPTION_NOSA: ..., OPTION_NSIT: ..., _knownSlots: ..., _slots: ..., _candidateAds: ..., _slotOptionFound: ..., _context: ...}, _urlParams: Object{prof: ..., nw: ..., caid: ..., vdur: ..., csid: ..., cd: ..., vclr: ..., resp: ..., orig: ..., cbfn: ...}, _urlKeyValues: [], _customInfo: ''}, _adResponse: null, _videoAsset: Object{_defaultTimeouts: [..., ..., ..., ..., ..., ..., ..., ...], _context: {_adManager: ..., _eventDispatcher: ..., _adRequest: ..., _adResponse: ..., _videoAsset: ..., _temporalSlotBase: ..., _videoDisplaySize: ..., _globalLevelParameterDictionary: ..., _overrideLevelParameterDictionary: ..., _rendererManifest: ..., _overriddenAdRenderers: ..., _extensionManager: ..., _requestState: ..., _autoSetDisplaySizeCount: ..., _totalSetDisplaySizeCount: ..., _instanceId: ..., _contentVideoAttached: ..., _currentContentPlayheadTime: ..., _ss_id: ..., _ss_pageViewRandom: ..., _ss_networkId: ..., _ss_idType: ..., _ss_fallbackId: ..., _va_id: ..., _va_duration: ..., _va_networkId: ..., _va_location: ..., _va_autoPlayType: ..., _va_fallbackId: ..., _va_viewRandom: ..., _va_idType: ..., _va_durationType: ..., _isRefreshRequest: ..., _refreshSlots: ..., _adVolume: ..., _onVolumeChange: ...}, _internalState: {_name: ...}, _state: '', _eventCallback: '', _callbackTimer: null, _videoPlayPending: false, _requestedVideoViewUrl: false, _dummyInstanceId: '', _delay: 0, _id: '', _customId: 'xfinity_test_video', _duration: 500, _networkId: '', _location: '', _autoPlayType: null, _fallbackId: '', _viewRandom: 0, _durationType: null, _currentTpos: 0}, _temporalSlotBase: <div id="displayBase"><video id="videoPlayer" width="480" height="270" playsinline="" src="http://m1.fwmrm.net/m/1/90750/39/1624999/222991497_1423862435_42824_7.mp4"></video></div>, _videoDisplaySize: Object{left: '', top: '', width: 480, height: 270, position: ''}, _globalLevelParameterDictionary: Object{autoPauseAdOnVisibilityChange: true, disableCORSEnforcement: true, useGDPR_TCFAPI: true, useCCPA_USPAPI: true, consent_retrieval_timeout: 500, renderer.video.clickDetection: false}, _overrideLevelParameterDictionary: Object{}, _rendererManifest: Object{}, _overriddenAdRenderers: [], _extensionManager: {_extensions: Object{}, _context: {_adManager: ..., _eventDispatcher: ..., _adRequest: ..., _adResponse: ..., _videoAsset: ..., _temporalSlotBase: ..., _videoDisplaySize: ..., _globalLevelParameterDictionary: ..., _overrideLevelParameterDictionary: ..., _rendererManifest: ..., _overriddenAdRenderers: ..., _extensionManager: ..., _requestState: ..., _autoSetDisplaySizeCount: ..., _totalSetDisplaySizeCount: ..., _instanceId: ..., _contentVideoAttached: ..., _currentContentPlayheadTime: ..., _ss_id: ..., _ss_pageViewRandom: ..., _ss_networkId: ..., _ss_idType: ..., _ss_fallbackId: ..., _va_id: ..., _va_duration: ..., _va_networkId: ..., _va_location: ..., _va_autoPlayType: ..., _va_fallbackId: ..., _va_viewRandom: ..., _va_idType: ..., _va_durationType: ..., _isRefreshRequest: ..., _refreshSlots: ..., _adVolume: ..., _onVolumeChange: ...}, _surveyExtension: {_surveyPingedIds: ..., _context: ..., _onAdStarted: ...}, _videoStateExtension: {_context: ...}, _displayRefreshExtension: {REFRESH_TYPE_NONE: ..., REFRESH_TYPE_AD: ..., REFRESH_TYPE_TIME: ..., REPLACE_TYPE_NONE: ..., REPLACE_TYPE_BLANK: ..., REPLACE_TYPE_AD: ..., _subContext: ..., _displaySlots: ..., _companionSlots: ..., _keyValues: ..., _globalParameters: ..., _overrideParameters: ..., _refreshType: ..., _replaceType: ..., _refreshInterval: ..., _refreshTimer: ..., _firstTemporalAd: ..., _REQUEST_TIME_OUT: ..., _context: ..., _onRendererEvent: ..., _onSlotEnded: ..., _onRequestComplete: ...}, _contentVideoExtension: {respondPauseResume: ..., autoSourceRestore: ..., _originalTime: ..., _contentVideoSrc: ..., _contentVideoControls: ..., _context: ..., _fixContentVideoCurrentTime: ..., _pause: ..., _resume: ..., _onAttach: ..., _onDetach: ...}}, _requestState: 1, _autoSetDisplaySizeCount: 1, _totalSetDisplaySizeCount: 1, _instanceId: 1, _contentVideoAttached: false, _currentContentPlayheadTime: 0, _ss_id: 'xfinity_test_site_section', _ss_pageViewRandom: undefined, _ss_networkId: undefined, _ss_idType: undefined, _ss_fallbackId: undefined, _va_id: 'xfinity_test_video', _va_duration: 500, _va_networkId: undefined, _va_location: undefined, _va_autoPlayType: undefined, _va_fallbackId: undefined, _va_viewRandom: undefined, _va_idType: undefined, _va_durationType: undefined, _isRefreshRequest: false, _refreshSlots: [], _adVolume: 1, _onVolumeChange: function () { ... }}
,Chrome 80.0.3987 (Mac OS X 10.14.6) LOG: '-------------------------------------Ad Request--------------------------------'
,Chrome 80.0.3987 (Mac OS X 10.14.6) LOG: Object{_context: {_adManager: {_context: ..., _serverURL: ..., _networkId: ..., _location: ..., _fwGDPR: ..., _fwGDPRConsent: ..., _fwTCFAPIExecuted: ..., _fwUSPString: ..., _fwUSPAPIExecuted: ..., _onRequestComplete: ..., _isListeningForTCData: ..., _tcfapiImpl: ..., _tcfapiCallback: ...}, _eventDispatcher: {_listeners: ...}, _adRequest: Object{_context: ..., _capabilities: ..., _keyValues: ..., _playerProfile: ..., _compatibleDimensions: ..., _temporalSlots: ..., _siteSectionCustomId: ..., _siteSectionId: ..., _siteSectionNetworkId: ..., _siteSectionFallbackId: ..., _siteSectionViewRandom: ..., _visitorCustomId: ..., _visitorIpV4Address: ..., _requestMode: ..., _requestDuration: ..., _subsessionToken: ..., _candidateAdIds: ..., _slotScanner: ..., _urlParams: ..., _urlKeyValues: ..., _customInfo: ...}, _adResponse: null, _videoAsset: Object{_defaultTimeouts: ..., _context: ..., _internalState: ..., _state: ..., _eventCallback: ..., _callbackTimer: ..., _videoPlayPending: ..., _requestedVideoViewUrl: ..., _dummyInstanceId: ..., _delay: ..., _id: ..., _customId: ..., _duration: ..., _networkId: ..., _location: ..., _autoPlayType: ..., _fallbackId: ..., _viewRandom: ..., _durationType: ..., _currentTpos: ...}, _temporalSlotBase: <div id="displayBase"><video id="videoPlayer" width="480" height="270" playsinline="" src="http://m1.fwmrm.net/m/1/90750/39/1624999/222991497_1423862435_42824_7.mp4"></video></div>, _videoDisplaySize: Object{left: ..., top: ..., width: ..., height: ..., position: ...}, _globalLevelParameterDictionary: Object{autoPauseAdOnVisibilityChange: ..., disableCORSEnforcement: ..., useGDPR_TCFAPI: ..., useCCPA_USPAPI: ..., consent_retrieval_timeout: ..., renderer.video.clickDetection: ...}, _overrideLevelParameterDictionary: Object{}, _rendererManifest: Object{}, _overriddenAdRenderers: [], _extensionManager: {_extensions: ..., _context: ..., _surveyExtension: ..., _videoStateExtension: ..., _displayRefreshExtension: ..., _contentVideoExtension: ...}, _requestState: 1, _autoSetDisplaySizeCount: 1, _totalSetDisplaySizeCount: 1, _instanceId: 1, _contentVideoAttached: false, _currentContentPlayheadTime: 0, _ss_id: 'xfinity_test_site_section', _ss_pageViewRandom: undefined, _ss_networkId: undefined, _ss_idType: undefined, _ss_fallbackId: undefined, _va_id: 'xfinity_test_video', _va_duration: 500, _va_networkId: undefined, _va_location: undefined, _va_autoPlayType: undefined, _va_fallbackId: undefined, _va_viewRandom: undefined, _va_idType: undefined, _va_durationType: undefined, _isRefreshRequest: false, _refreshSlots: [], _adVolume: 1, _onVolumeChange: function () { ... }}, _capabilities: Object{_capabilities: Object{sltp: ..., emcr: ..., unka: ..., unks: ..., fbad: ..., slcb: ..., nucr: ..., aeti: ..., rema: ..., vicb: ...}}, _keyValues: ['xfinityTargeting=targetingTest', '_fw_gdpr=', '_fw_gdpr_consent='], _playerProfile: '392025:flex-test-profile', _compatibleDimensions: null, _temporalSlots: [Object{setAutoPlayBlocked: ..., getSlotProfile: ..., setSlotProfile: ..., setMediaState: ..., setParameter: ..., getParameter: ..., getAdCount: ..., setCustomId: ..., getCustomId: ..., setAdUnit: ..., getAdUnit: ..., setType: ..., getType: ..., setTimePosition: ..., getTimePosition: ..., setTimePositionClass: ..., getTimePositionClass: ..., setWidth: ..., getWidth: ..., setHeight: ..., getHeight: ..., setBase: ..., getBase: ..., setCuepointSequence: ..., getCuepointSequence: ..., getVideoDisplaySize: ..., setMaxDuration: ..., getMaxDuration: ..., setMinDuration: ..., getMinDuration: ..., setAcceptContentType: ..., setSignalId: ..., getSignalId: ..., getAcceptContentType: ..., parse: ..., getCurrentAdInstance: ..., isPauseSlot: ..., play: ..., stop: ..., pause: ..., resume: ..., skipCurrentAd: ..., setVisible: ..., _play: ..., onStartPlaying: ..., onStartReplaying: ..., onCompletePlaying: ..., onCompleteReplaying: ..., playNextAdInstance: ..., scheduleAdInstance: ..., _clearScheduledAdInstance: ..., _onStartPlaying: ..., dispatchSlotEvent: ..., _onCompletePlaying: ..., _playNextAdInstance: ..., _commitScheduledAdInstance: ..., _nextPlayableAdInstance: ..., toString: ..., getAdInstances: ..., getPlayheadTime: ..., getTotalDuration: ..., playCompanionAds: ..., getState: ..., setAcceptCompanion: ..., getAcceptCompanion: ..., setInitialAdOption: ..., getInitialAdOption: ...}, Object{setAutoPlayBlocked: ..., getSlotProfile: ..., setSlotProfile: ..., setMediaState: ..., setParameter: ..., getParameter: ..., getAdCount: ..., setCustomId: ..., getCustomId: ..., setAdUnit: ..., getAdUnit: ..., setType: ..., getType: ..., setTimePosition: ..., getTimePosition: ..., setTimePositionClass: ..., getTimePositionClass: ..., setWidth: ..., getWidth: ..., setHeight: ..., getHeight: ..., setBase: ..., getBase: ..., setCuepointSequence: ..., getCuepointSequence: ..., getVideoDisplaySize: ..., setMaxDuration: ..., getMaxDuration: ..., setMinDuration: ..., getMinDuration: ..., setAcceptContentType: ..., setSignalId: ..., getSignalId: ..., getAcceptContentType: ..., parse: ..., getCurrentAdInstance: ..., isPauseSlot: ..., play: ..., stop: ..., pause: ..., resume: ..., skipCurrentAd: ..., setVisible: ..., _play: ..., onStartPlaying: ..., onStartReplaying: ..., onCompletePlaying: ..., onCompleteReplaying: ..., playNextAdInstance: ..., scheduleAdInstance: ..., _clearScheduledAdInstance: ..., _onStartPlaying: ..., dispatchSlotEvent: ..., _onCompletePlaying: ..., _playNextAdInstance: ..., _commitScheduledAdInstance: ..., _nextPlayableAdInstance: ..., toString: ..., getAdInstances: ..., getPlayheadTime: ..., getTotalDuration: ..., playCompanionAds: ..., getState: ..., setAcceptCompanion: ..., getAcceptCompanion: ..., setInitialAdOption: ..., getInitialAdOption: ...}, Object{setAutoPlayBlocked: ..., getSlotProfile: ..., setSlotProfile: ..., setMediaState: ..., setParameter: ..., getParameter: ..., getAdCount: ..., setCustomId: ..., getCustomId: ..., setAdUnit: ..., getAdUnit: ..., setType: ..., getType: ..., setTimePosition: ..., getTimePosition: ..., setTimePositionClass: ..., getTimePositionClass: ..., setWidth: ..., getWidth: ..., setHeight: ..., getHeight: ..., setBase: ..., getBase: ..., setCuepointSequence: ..., getCuepointSequence: ..., getVideoDisplaySize: ..., setMaxDuration: ..., getMaxDuration: ..., setMinDuration: ..., getMinDuration: ..., setAcceptContentType: ..., setSignalId: ..., getSignalId: ..., getAcceptContentType: ..., parse: ..., getCurrentAdInstance: ..., isPauseSlot: ..., play: ..., stop: ..., pause: ..., resume: ..., skipCurrentAd: ..., setVisible: ..., _play: ..., onStartPlaying: ..., onStartReplaying: ..., onCompletePlaying: ..., onCompleteReplaying: ..., playNextAdInstance: ..., scheduleAdInstance: ..., _clearScheduledAdInstance: ..., _onStartPlaying: ..., dispatchSlotEvent: ..., _onCompletePlaying: ..., _playNextAdInstance: ..., _commitScheduledAdInstance: ..., _nextPlayableAdInstance: ..., toString: ..., getAdInstances: ..., getPlayheadTime: ..., getTotalDuration: ..., playCompanionAds: ..., getState: ..., setAcceptCompanion: ..., getAcceptCompanion: ..., setInitialAdOption: ..., getInitialAdOption: ...}], _siteSectionCustomId: 'xfinity_test_site_section', _siteSectionId: '', _siteSectionNetworkId: 0, _siteSectionFallbackId: '', _siteSectionViewRandom: 0, _visitorCustomId: '', _visitorIpV4Address: '', _requestMode: '', _requestDuration: 0, _subsessionToken: 0, _candidateAdIds: [], _slotScanner: {OPTION_INIT: 1, OPTION_FCAI: 2, OPTION_NIIC: 4, OPTION_NOSA: 8, OPTION_NSIT: 16, _knownSlots: [], _slots: Object{}, _candidateAds: [], _slotOptionFound: false, _context: {_adManager: ..., _eventDispatcher: ..., _adRequest: ..., _adResponse: ..., _videoAsset: ..., _temporalSlotBase: ..., _videoDisplaySize: ..., _globalLevelParameterDictionary: ..., _overrideLevelParameterDictionary: ..., _rendererManifest: ..., _overriddenAdRenderers: ..., _extensionManager: ..., _requestState: ..., _autoSetDisplaySizeCount: ..., _totalSetDisplaySizeCount: ..., _instanceId: ..., _contentVideoAttached: ..., _currentContentPlayheadTime: ..., _ss_id: ..., _ss_pageViewRandom: ..., _ss_networkId: ..., _ss_idType: ..., _ss_fallbackId: ..., _va_id: ..., _va_duration: ..., _va_networkId: ..., _va_location: ..., _va_autoPlayType: ..., _va_fallbackId: ..., _va_viewRandom: ..., _va_idType: ..., _va_durationType: ..., _isRefreshRequest: ..., _refreshSlots: ..., _adVolume: ..., _onVolumeChange: ...}}, _urlParams: Object{prof: '392025%3Aflex-test-profile', nw: 392025, caid: 'xfinity_test_video', vdur: 500, csid: 'xfinity_test_site_section', cd: '1680%2C1050', vclr: 'js-FW-4753-eb544859-202003201809', resp: 'json', orig: 'http%3A%2F%2Flocalhost%3A9876', cbfn: 'tv.freewheel.SDK._instanceQueue%5B'Context_1'%5D.requestComplete'}, _urlKeyValues: [], _customInfo: ''}
,Chrome 80.0.3987 (Mac OS X 10.14.6) LOG: '-------------------------------------Temporal Slots--------------------------------'
,Chrome 80.0.3987 (Mac OS X 10.14.6) LOG: []
,Chrome 80.0.3987 (Mac OS X 10.14.6) LOG: '-------------------------------------KeyValues--------------------------------'
,Chrome 80.0.3987 (Mac OS X 10.14.6) LOG: ['xfinityTargeting=targetingTest', '_fw_gdpr=', '_fw_gdpr_consent=']
,Chrome 80.0.3987 (Mac OS X 10.14.6) LOG: '
==============playing content==============
'
,Chrome 80.0.3987 (Mac OS X 10.14.6) LOG: '>FW 15:56.048 SurveyExtension.init([object Object])'
,Chrome 80.0.3987 (Mac OS X 10.14.6) LOG: '>FW 15:56.048 VideoStateExtension is disabled.'
,Chrome 80.0.3987 (Mac OS X 10.14.6) LOG: '>FW 15:56.220 Ad request succeeded'
,Chrome 80.0.3987 (Mac OS X 10.14.6) LOG: '>FW 15:56.221 Context.dispatchEvent type: onRequestComplete, payload: [object Object]'

]]>
  </system-out>
  <system-err/>
</testsuite>